2006.09.08 07:23 B c:\data\SFE\Geocities Current SFE Site\003.jpg <-- South Florida Elite /southfloridaelite 003.jpg
2006.09.08 07:23 B c:\data\SFE\Geocities Current SFE Site\017.jpg <-- South Florida Elite /southfloridaelite 017.jpg
2006.09.08 07:23 B c:\data\SFE\Geocities Current SFE Site\020.jpg <-- South Florida Elite /southfloridaelite 020.jpg
2006.09.08 07:23 B c:\data\SFE\Geocities Current SFE Site\023.jpg <-- South Florida Elite /southfloridaelite 023.jpg
2006.09.08 07:23 B c:\data\SFE\Geocities Current SFE Site\026.jpg <-- South Florida Elite /southfloridaelite 026.jpg
2006.09.08 07:23 B c:\data\SFE\Geocities Current SFE Site\027.jpg <-- South Florida Elite /southfloridaelite 027.jpg
2006.09.08 07:23 B c:\data\SFE\Geocities Current SFE Site\028.jpg <-- South Florida Elite /southfloridaelite 028.jpg
2006.09.08 07:23 B c:\data\SFE\Geocities Current SFE Site\029.jpg <-- South Florida Elite /southfloridaelite 029.jpg
2006.09.08 07:23 B c:\data\SFE\Geocities Current SFE Site\032.jpg <-- South Florida Elite /southfloridaelite 032.jpg
2006.09.08 07:23 B c:\data\SFE\Geocities Current SFE Site\033.jpg <-- South Florida Elite /southfloridaelite 033.jpg
2006.09.08 07:23 B c:\data\SFE\Geocities Current SFE Site\034.jpg <-- South Florida Elite /southfloridaelite 034.jpg
2006.09.08 07:24 B c:\data\SFE\Geocities Current SFE Site\035.jpg <-- South Florida Elite /southfloridaelite 035.jpg
2006.09.08 07:24 B c:\data\SFE\Geocities Current SFE Site\036.jpg <-- South Florida Elite /southfloridaelite 036.jpg
2006.09.08 07:24 B c:\data\SFE\Geocities Current SFE Site\037.jpg <-- South Florida Elite /southfloridaelite 037.jpg
2006.09.08 07:24 B c:\data\SFE\Geocities Current SFE Site\041.jpg <-- South Florida Elite /southfloridaelite 041.jpg
2006.09.08 07:24 B c:\data\SFE\Geocities Current SFE Site\042.jpg <-- South Florida Elite /southfloridaelite 042.jpg
2006.09.08 07:24 B c:\data\SFE\Geocities Current SFE Site\044.jpg <-- South Florida Elite /southfloridaelite 044.jpg
2006.09.08 07:24 B c:\data\SFE\Geocities Current SFE Site\047.jpg <-- South Florida Elite /southfloridaelite 047.jpg
2006.09.08 07:24 B c:\data\SFE\Geocities Current SFE Site\048.jpg <-- South Florida Elite /southfloridaelite 048.jpg
2006.09.08 07:24 B c:\data\SFE\Geocities Current SFE Site\050.jpg <-- South Florida Elite /southfloridaelite 050.jpg
2006.09.08 07:24 B c:\data\SFE\Geocities Current SFE Site\052.jpg <-- South Florida Elite /southfloridaelite 052.jpg
2006.09.08 07:24 B c:\data\SFE\Geocities Current SFE Site\alltime.html <-- South Florida Elite /southfloridaelite alltime.html
2006.09.08 07:24 B c:\data\SFE\Geocities Current SFE Site\anderson.html <-- South Florida Elite /southfloridaelite anderson.html
2006.09.08 07:24 B c:\data\SFE\Geocities Current SFE Site\anderson1.jpg <-- South Florida Elite /southfloridaelite anderson1.jpg
2006.09.08 07:24 B c:\data\SFE\Geocities Current SFE Site\animbaseball.gif <-- South Florida Elite /southfloridaelite animbaseball.gif
2006.09.08 07:24 B c:\data\SFE\Geocities Current SFE Site\arenas.html <-- South Florida Elite /southfloridaelite arenas.html
2006.09.08 07:24 B c:\data\SFE\Geocities Current SFE Site\atlantislogo.jpg <-- South Florida Elite /southfloridaelite atlantislogo.jpg
2006.09.08 07:24 B c:\data\SFE\Geocities Current SFE Site\atlantislogosmall.jpg <-- South Florida Elite /southfloridaelite atlantislogosmall.jpg
2006.09.08 07:24 B c:\data\SFE\Geocities Current SFE Site\batprac.html <-- South Florida Elite /southfloridaelite batprac.html
2006.09.08 07:24 B c:\data\SFE\Geocities Current SFE Site\batting.html <-- South Florida Elite /southfloridaelite batting.html
2006.09.08 07:24 B c:\data\SFE\Geocities Current SFE Site\billbrough.html <-- South Florida Elite /southfloridaelite billbrough.html
2006.09.08 07:24 B c:\data\SFE\Geocities Current SFE Site\billbrough1.jpg <-- South Florida Elite /southfloridaelite billbrough1.jpg
2006.09.08 07:24 B c:\data\SFE\Geocities Current SFE Site\billbrough40.jpg <-- South Florida Elite /southfloridaelite billbrough40.jpg
2006.09.08 07:24 B c:\data\SFE\Geocities Current SFE Site\blechman.html <-- South Florida Elite /southfloridaelite blechman.html
2006.09.08 07:24 B c:\data\SFE\Geocities Current SFE Site\blueline.bmp <-- South Florida Elite /southfloridaelite blueline.bmp
2006.09.08 07:24 B c:\data\SFE\Geocities Current SFE Site\bobadilla.html <-- South Florida Elite /southfloridaelite bobadilla.html
2006.09.08 07:24 B c:\data\SFE\Geocities Current SFE Site\cgbank4.gif <-- South Florida Elite /southfloridaelite cgbank4.gif
2006.09.08 07:24 B c:\data\SFE\Geocities Current SFE Site\contactus.html <-- South Florida Elite /southfloridaelite contactus.html
2006.09.08 07:24 B c:\data\SFE\Geocities Current SFE Site\cotilla.html <-- South Florida Elite /southfloridaelite cotilla.html
2006.09.08 07:24 B c:\data\SFE\Geocities Current SFE Site\cournoyer.html <-- South Florida Elite /southfloridaelite cournoyer.html
2006.09.08 07:24 B c:\data\SFE\Geocities Current SFE Site\cournoyer1.jpg <-- South Florida Elite /southfloridaelite cournoyer1.jpg
2006.09.08 07:24 B c:\data\SFE\Geocities Current SFE Site\currentmarquee.html <-- South Florida Elite /southfloridaelite currentmarquee.html
2006.09.08 07:24 B c:\data\SFE\Geocities Current SFE Site\delacruz.html <-- South Florida Elite /southfloridaelite delacruz.html
2006.09.08 07:24 B c:\data\SFE\Geocities Current SFE Site\delacruz1.jpg <-- South Florida Elite /southfloridaelite delacruz1.jpg
2006.09.08 07:24 B c:\data\SFE\Geocities Current SFE Site\delacruz40.jpg <-- South Florida Elite /southfloridaelite delacruz40.jpg
2006.09.08 07:24 B c:\data\SFE\Geocities Current SFE Site\diaza.html <-- South Florida Elite /southfloridaelite diaza.html
2006.09.08 07:24 B c:\data\SFE\Geocities Current SFE Site\DSC00188_0005.jpg <-- South Florida Elite /southfloridaelite DSC00188_0005.jpg
2006.09.08 07:24 B c:\data\SFE\Geocities Current SFE Site\DSC00190_0007.jpg <-- South Florida Elite /southfloridaelite DSC00190_0007.jpg
2006.09.08 07:24 B c:\data\SFE\Geocities Current SFE Site\DSC00191_0008.jpg <-- South Florida Elite /southfloridaelite DSC00191_0008.jpg
2006.09.08 07:24 B c:\data\SFE\Geocities Current SFE Site\DSC00193_0009.jpg <-- South Florida Elite /southfloridaelite DSC00193_0009.jpg
2006.09.08 07:24 B c:\data\SFE\Geocities Current SFE Site\DSC00194_0010.jpg <-- South Florida Elite /southfloridaelite DSC00194_0010.jpg
2006.09.08 07:24 B c:\data\SFE\Geocities Current SFE Site\DSC00195_0012.jpg <-- South Florida Elite /southfloridaelite DSC00195_0012.jpg
2006.09.08 07:24 B c:\data\SFE\Geocities Current SFE Site\DSC00196_0013.jpg <-- South Florida Elite /southfloridaelite DSC00196_0013.jpg
2006.09.08 07:24 B c:\data\SFE\Geocities Current SFE Site\DSC00197_0015.jpg <-- South Florida Elite /southfloridaelite DSC00197_0015.jpg
2006.09.08 07:24 B c:\data\SFE\Geocities Current SFE Site\DSC00207_0032.jpg <-- South Florida Elite /southfloridaelite DSC00207_0032.jpg
2006.09.08 07:24 B c:\data\SFE\Geocities Current SFE Site\DSC00222_0055.jpg <-- South Florida Elite /southfloridaelite DSC00222_0055.jpg
2006.09.08 07:24 B c:\data\SFE\Geocities Current SFE Site\DSC00232_0067.jpg <-- South Florida Elite /southfloridaelite DSC00232_0067.jpg
2006.09.08 07:24 B c:\data\SFE\Geocities Current SFE Site\DSC00233_0068.jpg <-- South Florida Elite /southfloridaelite DSC00233_0068.jpg
2006.09.08 07:24 B c:\data\SFE\Geocities Current SFE Site\dukek.html <-- South Florida Elite /southfloridaelite dukek.html
2006.09.08 07:24 B c:\data\SFE\Geocities Current SFE Site\dukek1.jpg <-- South Florida Elite /southfloridaelite dukek1.jpg
2006.09.08 07:24 B c:\data\SFE\Geocities Current SFE Site\dukek2.jpg <-- South Florida Elite /southfloridaelite dukek2.jpg
2006.09.08 07:24 B c:\data\SFE\Geocities Current SFE Site\emory.html <-- South Florida Elite /southfloridaelite emory.html
2006.09.08 07:24 B c:\data\SFE\Geocities Current SFE Site\emory1.jpg <-- South Florida Elite /southfloridaelite emory1.jpg
2006.09.08 07:24 B c:\data\SFE\Geocities Current SFE Site\emory2.jpg <-- South Florida Elite /southfloridaelite emory2.jpg
2006.09.08 07:24 B c:\data\SFE\Geocities Current SFE Site\emory3.jpg <-- South Florida Elite /southfloridaelite emory3.jpg
2006.09.08 07:24 B c:\data\SFE\Geocities Current SFE Site\emory4.jpg <-- South Florida Elite /southfloridaelite emory4.jpg
2006.09.08 07:24 B c:\data\SFE\Geocities Current SFE Site\emory40.jpg <-- South Florida Elite /southfloridaelite emory40.jpg
2006.09.08 07:24 B c:\data\SFE\Geocities Current SFE Site\errorpage.html <-- South Florida Elite /southfloridaelite errorpage.html
2006.09.08 07:24 B c:\data\SFE\Geocities Current SFE Site\explainstats.html <-- South Florida Elite /southfloridaelite explainstats.html
2006.09.08 07:24 B c:\data\SFE\Geocities Current SFE Site\feliz.html <-- South Florida Elite /southfloridaelite feliz.html
2006.09.08 07:24 B c:\data\SFE\Geocities Current SFE Site\feliz1.jpg <-- South Florida Elite /southfloridaelite feliz1.jpg
2006.09.08 07:24 B c:\data\SFE\Geocities Current SFE Site\fileraddress1.gif <-- South Florida Elite /southfloridaelite fileraddress1.gif
2006.09.08 07:24 B c:\data\SFE\Geocities Current SFE Site\fileraddress1.jpg <-- South Florida Elite /southfloridaelite fileraddress1.jpg
2006.09.08 07:24 B c:\data\SFE\Geocities Current SFE Site\filerlogosimple.gif <-- South Florida Elite /southfloridaelite filerlogosimple.gif
2006.09.08 07:24 B c:\data\SFE\Geocities Current SFE Site\filerlogosimple.jpg <-- South Florida Elite /southfloridaelite filerlogosimple.jpg
2006.09.08 07:24 B c:\data\SFE\Geocities Current SFE Site\fktmp25_0056.jpg <-- South Florida Elite /southfloridaelite fktmp25_0056.jpg
2006.09.08 07:25 B c:\data\SFE\Geocities Current SFE Site\fktmp27_0060.jpg <-- South Florida Elite /southfloridaelite fktmp27_0060.jpg
2006.09.08 07:25 B c:\data\SFE\Geocities Current SFE Site\footer.html <-- South Florida Elite /southfloridaelite footer.html
2006.09.08 07:25 B c:\data\SFE\Geocities Current SFE Site\funds.html <-- South Florida Elite /southfloridaelite funds.html
2006.09.08 07:25 B c:\data\SFE\Geocities Current SFE Site\games.html <-- South Florida Elite /southfloridaelite games.html
2006.09.08 07:25 B c:\data\SFE\Geocities Current SFE Site\garcia.html <-- South Florida Elite /southfloridaelite garcia.html
2006.09.08 07:25 B c:\data\SFE\Geocities Current SFE Site\garcia40.jpg <-- South Florida Elite /southfloridaelite garcia40.jpg
2006.09.08 07:25 B c:\data\SFE\Geocities Current SFE Site\gomes.html <-- South Florida Elite /southfloridaelite gomes.html
2006.09.08 07:25 B c:\data\SFE\Geocities Current SFE Site\gomes1.jpg <-- South Florida Elite /southfloridaelite gomes1.jpg
2006.09.08 07:25 B c:\data\SFE\Geocities Current SFE Site\groupmlogo.gif <-- South Florida Elite /southfloridaelite groupmlogo.gif
2006.09.08 07:25 B c:\data\SFE\Geocities Current SFE Site\groupmlogosmall.gif <-- South Florida Elite /southfloridaelite groupmlogosmall.gif
2006.09.08 07:25 B c:\data\SFE\Geocities Current SFE Site\groupmpage.html <-- South Florida Elite /southfloridaelite groupmpage.html
2006.09.08 07:25 B c:\data\SFE\Geocities Current SFE Site\guerrero.html <-- South Florida Elite /southfloridaelite guerrero.html
2006.09.08 07:25 B c:\data\SFE\Geocities Current SFE Site\header.html <-- South Florida Elite /southfloridaelite header.html
2006.09.08 07:25 B c:\data\SFE\Geocities Current SFE Site\headerns.html <-- South Florida Elite /southfloridaelite headerns.html
2006.09.08 07:25 B c:\data\SFE\Geocities Current SFE Site\hingston.html <-- South Florida Elite /southfloridaelite hingston.html
2006.09.08 07:25 B c:\data\SFE\Geocities Current SFE Site\hingston40.jpg <-- South Florida Elite /southfloridaelite hingston40.jpg
2006.09.08 07:25 B c:\data\SFE\Geocities Current SFE Site\index.html <-- South Florida Elite /southfloridaelite index.html
2006.09.08 07:25 B c:\data\SFE\Geocities Current SFE Site\jacques.html <-- South Florida Elite /southfloridaelite jacques.html
2006.09.08 07:25 B c:\data\SFE\Geocities Current SFE Site\jacques1.jpg <-- South Florida Elite /southfloridaelite jacques1.jpg
2006.09.08 07:25 B c:\data\SFE\Geocities Current SFE Site\JVTeam62004.gif <-- South Florida Elite /southfloridaelite JVTeam62004.gif
2006.09.08 07:25 B c:\data\SFE\Geocities Current SFE Site\JVTeamS62004.gif <-- South Florida Elite /southfloridaelite JVTeamS62004.gif
2006.09.08 07:25 B c:\data\SFE\Geocities Current SFE Site\JVWH1.jpg <-- South Florida Elite /southfloridaelite JVWH1.jpg
2006.09.08 07:25 B c:\data\SFE\Geocities Current SFE Site\JVWHMedals.jpg <-- South Florida Elite /southfloridaelite JVWHMedals.jpg
2006.09.08 07:25 B c:\data\SFE\Geocities Current SFE Site\JVWHphotos.html <-- South Florida Elite /southfloridaelite JVWHphotos.html
2006.09.08 07:25 B c:\data\SFE\Geocities Current SFE Site\JVWHphotos704.html <-- South Florida Elite /southfloridaelite JVWHphotos704.html
2006.09.08 07:25 B c:\data\SFE\Geocities Current SFE Site\kparsons.html <-- South Florida Elite /southfloridaelite kparsons.html
2006.09.08 07:25 B c:\data\SFE\Geocities Current SFE Site\lambert.html <-- South Florida Elite /southfloridaelite lambert.html
2006.09.08 07:25 B c:\data\SFE\Geocities Current SFE Site\lambert1.jpg <-- South Florida Elite /southfloridaelite lambert1.jpg
2006.09.08 07:25 B c:\data\SFE\Geocities Current SFE Site\lauriello.html <-- South Florida Elite /southfloridaelite lauriello.html
2006.09.08 07:25 B c:\data\SFE\Geocities Current SFE Site\lauriello1.jpg <-- South Florida Elite /southfloridaelite lauriello1.jpg
2006.09.08 07:25 B c:\data\SFE\Geocities Current SFE Site\leavittlogo.gif <-- South Florida Elite /southfloridaelite leavittlogo.gif
2006.09.08 07:25 B c:\data\SFE\Geocities Current SFE Site\links.html <-- South Florida Elite /southfloridaelite links.html
2006.09.08 07:25 B c:\data\SFE\Geocities Current SFE Site\luzardo.html <-- South Florida Elite /southfloridaelite luzardo.html
2006.09.08 07:25 B c:\data\SFE\Geocities Current SFE Site\maggiore.html <-- South Florida Elite /southfloridaelite maggiore.html
2006.09.08 07:25 B c:\data\SFE\Geocities Current SFE Site\maggiore1.html <-- South Florida Elite /southfloridaelite maggiore1.html
2006.09.08 07:25 B c:\data\SFE\Geocities Current SFE Site\maggiore1.jpg <-- South Florida Elite /southfloridaelite maggiore1.jpg
2006.09.08 07:25 B c:\data\SFE\Geocities Current SFE Site\maggiore2.jpg <-- South Florida Elite /southfloridaelite maggiore2.jpg
2006.09.08 07:25 B c:\data\SFE\Geocities Current SFE Site\maggiore20.jpg <-- South Florida Elite /southfloridaelite maggiore20.jpg
2006.09.08 07:25 B c:\data\SFE\Geocities Current SFE Site\maggiore21.jpg <-- South Florida Elite /southfloridaelite maggiore21.jpg
2006.09.08 07:25 B c:\data\SFE\Geocities Current SFE Site\maggiore22.jpg <-- South Florida Elite /southfloridaelite maggiore22.jpg
2006.09.08 07:25 B c:\data\SFE\Geocities Current SFE Site\maggiore23.jpg <-- South Florida Elite /southfloridaelite maggiore23.jpg
2006.09.08 07:25 B c:\data\SFE\Geocities Current SFE Site\maggiore3.jpg <-- South Florida Elite /southfloridaelite maggiore3.jpg
2006.09.08 07:25 B c:\data\SFE\Geocities Current SFE Site\maggiore4.jpg <-- South Florida Elite /southfloridaelite maggiore4.jpg
2006.09.08 07:25 B c:\data\SFE\Geocities Current SFE Site\maggiore5.jpg <-- South Florida Elite /southfloridaelite maggiore5.jpg
2006.09.08 07:25 B c:\data\SFE\Geocities Current SFE Site\maggiore6.jpg <-- South Florida Elite /southfloridaelite maggiore6.jpg
2006.09.08 07:25 B c:\data\SFE\Geocities Current SFE Site\maggiore7.jpg <-- South Florida Elite /southfloridaelite maggiore7.jpg
2006.09.08 07:25 B c:\data\SFE\Geocities Current SFE Site\maggiore8.jpg <-- South Florida Elite /southfloridaelite maggiore8.jpg
2006.09.08 07:25 B c:\data\SFE\Geocities Current SFE Site\maggioreextend.html <-- South Florida Elite /southfloridaelite maggioreextend.html
2006.09.08 07:25 B c:\data\SFE\Geocities Current SFE Site\marlow.html <-- South Florida Elite /southfloridaelite marlow.html
2006.09.08 07:25 B c:\data\SFE\Geocities Current SFE Site\mcdonald.html <-- South Florida Elite /southfloridaelite mcdonald.html
2006.09.08 07:25 B c:\data\SFE\Geocities Current SFE Site\mcdonald1.jpg <-- South Florida Elite /southfloridaelite mcdonald1.jpg
2006.09.08 07:25 B c:\data\SFE\Geocities Current SFE Site\mcdonald2.jpg <-- South Florida Elite /southfloridaelite mcdonald2.jpg
2006.09.08 07:25 B c:\data\SFE\Geocities Current SFE Site\mcdonald3.jpg <-- South Florida Elite /southfloridaelite mcdonald3.jpg
2006.09.08 07:25 B c:\data\SFE\Geocities Current SFE Site\mcdonald4.jpg <-- South Florida Elite /southfloridaelite mcdonald4.jpg
2006.09.08 07:25 B c:\data\SFE\Geocities Current SFE Site\mcdonald5.jpg <-- South Florida Elite /southfloridaelite mcdonald5.jpg
2006.09.08 07:25 B c:\data\SFE\Geocities Current SFE Site\mcdonald6.jpg <-- South Florida Elite /southfloridaelite mcdonald6.jpg
2006.09.08 07:25 B c:\data\SFE\Geocities Current SFE Site\mcdonald7.jpg <-- South Florida Elite /southfloridaelite mcdonald7.jpg
2006.09.08 07:25 B c:\data\SFE\Geocities Current SFE Site\mcdonaldextend.html <-- South Florida Elite /southfloridaelite mcdonaldextend.html
2006.09.08 07:25 B c:\data\SFE\Geocities Current SFE Site\mmlogosmall.gif <-- South Florida Elite /southfloridaelite mmlogosmall.gif
2006.09.08 07:25 B c:\data\SFE\Geocities Current SFE Site\msaclogo.gif <-- South Florida Elite /southfloridaelite msaclogo.gif
2006.09.08 07:25 B c:\data\SFE\Geocities Current SFE Site\msaclogosmall.gif <-- South Florida Elite /southfloridaelite msaclogosmall.gif
2006.09.08 07:25 B c:\data\SFE\Geocities Current SFE Site\msacpage.html <-- South Florida Elite /southfloridaelite msacpage.html
2006.09.08 07:25 B c:\data\SFE\Geocities Current SFE Site\news.html <-- South Florida Elite /southfloridaelite news.html
2006.09.08 07:25 B c:\data\SFE\Geocities Current SFE Site\nimer.html <-- South Florida Elite /southfloridaelite nimer.html
2006.09.08 07:25 B c:\data\SFE\Geocities Current SFE Site\nimer1.jpg <-- South Florida Elite /southfloridaelite nimer1.jpg
2006.09.08 07:25 B c:\data\SFE\Geocities Current SFE Site\nimer40.jpg <-- South Florida Elite /southfloridaelite nimer40.jpg
2006.09.08 07:25 B c:\data\SFE\Geocities Current SFE Site\olson.html <-- South Florida Elite /southfloridaelite olson.html
2006.09.08 07:25 B c:\data\SFE\Geocities Current SFE Site\parsons.html <-- South Florida Elite /southfloridaelite parsons.html
2006.09.08 07:25 B c:\data\SFE\Geocities Current SFE Site\parsons15.jpg <-- South Florida Elite /southfloridaelite parsons15.jpg
2006.09.08 07:25 B c:\data\SFE\Geocities Current SFE Site\parsons16.jpg <-- South Florida Elite /southfloridaelite parsons16.jpg
2006.09.08 07:25 B c:\data\SFE\Geocities Current SFE Site\parsons20.jpg <-- South Florida Elite /southfloridaelite parsons20.jpg
2006.09.08 07:25 B c:\data\SFE\Geocities Current SFE Site\parsons31.jpg <-- South Florida Elite /southfloridaelite parsons31.jpg
2006.09.08 07:26 B c:\data\SFE\Geocities Current SFE Site\parsons32.jpg <-- South Florida Elite /southfloridaelite parsons32.jpg
2006.09.08 07:26 B c:\data\SFE\Geocities Current SFE Site\parsons33.jpg <-- South Florida Elite /southfloridaelite parsons33.jpg
2006.09.08 07:26 B c:\data\SFE\Geocities Current SFE Site\parsons34.jpg <-- South Florida Elite /southfloridaelite parsons34.jpg
2006.09.08 07:26 B c:\data\SFE\Geocities Current SFE Site\parsons35.jpg <-- South Florida Elite /southfloridaelite parsons35.jpg
2006.09.08 07:26 B c:\data\SFE\Geocities Current SFE Site\parsons99.jpg <-- South Florida Elite /southfloridaelite parsons99.jpg
2006.09.08 07:26 B c:\data\SFE\Geocities Current SFE Site\parsonsextend.html <-- South Florida Elite /southfloridaelite parsonsextend.html
2006.09.08 07:26 B c:\data\SFE\Geocities Current SFE Site\parsonsold.html <-- South Florida Elite /southfloridaelite parsonsold.html
2006.09.08 07:26 B c:\data\SFE\Geocities Current SFE Site\pena.html <-- South Florida Elite /southfloridaelite pena.html
2006.09.08 07:26 B c:\data\SFE\Geocities Current SFE Site\petersen.html <-- South Florida Elite /southfloridaelite petersen.html
2006.09.08 07:26 B c:\data\SFE\Geocities Current SFE Site\photos.html <-- South Florida Elite /southfloridaelite photos.html
2006.09.08 07:26 B c:\data\SFE\Geocities Current SFE Site\pitching.html <-- South Florida Elite /southfloridaelite pitching.html
2006.09.08 07:26 B c:\data\SFE\Geocities Current SFE Site\players.html <-- South Florida Elite /southfloridaelite players.html
2006.09.08 07:26 B c:\data\SFE\Geocities Current SFE Site\prongay.html <-- South Florida Elite /southfloridaelite prongay.html
2006.09.08 07:26 B c:\data\SFE\Geocities Current SFE Site\prongay1.jpg <-- South Florida Elite /southfloridaelite prongay1.jpg
2006.09.08 07:26 B c:\data\SFE\Geocities Current SFE Site\prongay40.jpg <-- South Florida Elite /southfloridaelite prongay40.jpg
2006.09.08 07:26 B c:\data\SFE\Geocities Current SFE Site\reamerjd.html <-- South Florida Elite /southfloridaelite reamerjd.html
2006.09.08 07:26 B c:\data\SFE\Geocities Current SFE Site\reamerjd1.jpg <-- South Florida Elite /southfloridaelite reamerjd1.jpg
2006.09.08 07:26 B c:\data\SFE\Geocities Current SFE Site\reamerjd2.jpg <-- South Florida Elite /southfloridaelite reamerjd2.jpg
2006.09.08 07:26 B c:\data\SFE\Geocities Current SFE Site\rivera.html <-- South Florida Elite /southfloridaelite rivera.html
2006.09.08 07:26 B c:\data\SFE\Geocities Current SFE Site\rivera1.jpg <-- South Florida Elite /southfloridaelite rivera1.jpg
2006.09.08 07:26 B c:\data\SFE\Geocities Current SFE Site\rivera40.jpg <-- South Florida Elite /southfloridaelite rivera40.jpg
2006.09.08 07:26 B c:\data\SFE\Geocities Current SFE Site\salmon.html <-- South Florida Elite /southfloridaelite salmon.html
2006.09.08 07:26 B c:\data\SFE\Geocities Current SFE Site\schedule.html <-- South Florida Elite /southfloridaelite schedule.html
2006.09.08 07:26 B c:\data\SFE\Geocities Current SFE Site\schedule2003.html <-- South Florida Elite /southfloridaelite schedule2003.html
2006.09.08 07:26 B c:\data\SFE\Geocities Current SFE Site\seaboardsmall.jpg <-- South Florida Elite /southfloridaelite seaboardsmall.jpg
2006.09.08 07:26 B c:\data\SFE\Geocities Current SFE Site\sfelogoq.gif <-- South Florida Elite /southfloridaelite sfelogoq.gif
2006.09.08 07:26 B c:\data\SFE\Geocities Current SFE Site\sforzaflick.html <-- South Florida Elite /southfloridaelite sforzaflick.html
2006.09.08 07:26 B c:\data\SFE\Geocities Current SFE Site\smtlogo.gif <-- South Florida Elite /southfloridaelite smtlogo.gif
2006.09.08 07:26 B c:\data\SFE\Geocities Current SFE Site\SponsorLetter.doc <-- South Florida Elite /southfloridaelite SponsorLetter.doc
2006.09.08 07:26 B c:\data\SFE\Geocities Current SFE Site\staff.html <-- South Florida Elite /southfloridaelite staff.html
2006.09.08 07:26 B c:\data\SFE\Geocities Current SFE Site\style1.css <-- South Florida Elite /southfloridaelite style1.css
2006.09.08 07:26 B c:\data\SFE\Geocities Current SFE Site\tarazona.html <-- South Florida Elite /southfloridaelite tarazona.html
2006.09.08 07:26 B c:\data\SFE\Geocities Current SFE Site\tarazona1.jpg <-- South Florida Elite /southfloridaelite tarazona1.jpg
2006.09.08 07:26 B c:\data\SFE\Geocities Current SFE Site\tarazona40.jpg <-- South Florida Elite /southfloridaelite tarazona40.jpg
2006.09.08 07:26 B c:\data\SFE\Geocities Current SFE Site\teamrules.html <-- South Florida Elite /southfloridaelite teamrules.html
2006.09.08 07:26 B c:\data\SFE\Geocities Current SFE Site\tribulletblue.gif <-- South Florida Elite /southfloridaelite tribulletblue.gif
2006.09.08 07:26 B c:\data\SFE\Geocities Current SFE Site\tyson.html <-- South Florida Elite /southfloridaelite tyson.html
2006.09.08 07:26 B c:\data\SFE\Geocities Current SFE Site\tyson1.jpg <-- South Florida Elite /southfloridaelite tyson1.jpg
2006.09.08 07:26 B c:\data\SFE\Geocities Current SFE Site\valdes.html <-- South Florida Elite /southfloridaelite valdes.html
2006.09.08 07:26 B c:\data\SFE\Geocities Current SFE Site\VarsityWH1.jpg <-- South Florida Elite /southfloridaelite VarsityWH1.jpg
2006.09.08 07:26 B c:\data\SFE\Geocities Current SFE Site\Xmas_Camp_2003.jpg <-- South Florida Elite /southfloridaelite Xmas_Camp_2003.jpg
2006.09.08 10:15 B C:\Data\SFE\Geocities Current SFE Site\003.jpg --> home.bellsouth.net /sfe 003.jpg
2006.09.08 10:15 B C:\Data\SFE\Geocities Current SFE Site\017.jpg --> home.bellsouth.net /sfe 017.jpg
2006.09.08 10:16 B C:\Data\SFE\Geocities Current SFE Site\003.jpg --> home.bellsouth.net /sfe 003.jpg
2006.09.08 10:16 B C:\Data\SFE\Geocities Current SFE Site\017.jpg --> home.bellsouth.net /sfe 017.jpg
2006.09.08 10:16 B C:\Data\SFE\Geocities Current SFE Site\020.jpg --> home.bellsouth.net /sfe 020.jpg
2006.09.08 10:17 B C:\Data\SFE\Geocities Current SFE Site\023.jpg --> home.bellsouth.net /sfe 023.jpg
2006.09.08 10:17 B C:\Data\SFE\Geocities Current SFE Site\026.jpg --> home.bellsouth.net /sfe 026.jpg
2006.09.08 10:17 B C:\Data\SFE\Geocities Current SFE Site\027.jpg --> home.bellsouth.net /sfe 027.jpg
2006.09.08 10:17 B C:\Data\SFE\Geocities Current SFE Site\028.jpg --> home.bellsouth.net /sfe 028.jpg
2006.09.08 10:17 B C:\Data\SFE\Geocities Current SFE Site\029.jpg --> home.bellsouth.net /sfe 029.jpg
2006.09.08 10:17 B C:\Data\SFE\Geocities Current SFE Site\032.jpg --> home.bellsouth.net /sfe 032.jpg
2006.09.08 10:17 B C:\Data\SFE\Geocities Current SFE Site\033.jpg --> home.bellsouth.net /sfe 033.jpg
2006.09.08 10:17 B C:\Data\SFE\Geocities Current SFE Site\034.jpg --> home.bellsouth.net /sfe 034.jpg
2006.09.08 10:17 B C:\Data\SFE\Geocities Current SFE Site\035.jpg --> home.bellsouth.net /sfe 035.jpg
2006.09.08 10:17 B C:\Data\SFE\Geocities Current SFE Site\036.jpg --> home.bellsouth.net /sfe 036.jpg
2006.09.08 10:17 B C:\Data\SFE\Geocities Current SFE Site\037.jpg --> home.bellsouth.net /sfe 037.jpg
2006.09.08 10:17 B C:\Data\SFE\Geocities Current SFE Site\041.jpg --> home.bellsouth.net /sfe 041.jpg
2006.09.08 10:18 B C:\Data\SFE\Geocities Current SFE Site\042.jpg --> home.bellsouth.net /sfe 042.jpg
2006.09.08 10:18 B C:\Data\SFE\Geocities Current SFE Site\044.jpg --> home.bellsouth.net /sfe 044.jpg
2006.09.08 10:18 B C:\Data\SFE\Geocities Current SFE Site\047.jpg --> home.bellsouth.net /sfe 047.jpg
2006.09.08 10:18 B C:\Data\SFE\Geocities Current SFE Site\048.jpg --> home.bellsouth.net /sfe 048.jpg
2006.09.08 10:18 B C:\Data\SFE\Geocities Current SFE Site\050.jpg --> home.bellsouth.net /sfe 050.jpg
2006.09.08 10:18 B C:\Data\SFE\Geocities Current SFE Site\052.jpg --> home.bellsouth.net /sfe 052.jpg
2006.09.08 10:18 B C:\Data\SFE\Geocities Current SFE Site\alltime.html --> home.bellsouth.net /sfe alltime.html
2006.09.08 10:18 B C:\Data\SFE\Geocities Current SFE Site\anderson.html --> home.bellsouth.net /sfe anderson.html
2006.09.08 10:18 B C:\Data\SFE\Geocities Current SFE Site\anderson1.jpg --> home.bellsouth.net /sfe anderson1.jpg
2006.09.08 10:18 B C:\Data\SFE\Geocities Current SFE Site\animbaseball.gif --> home.bellsouth.net /sfe animbaseball.gif
2006.09.08 10:18 B C:\Data\SFE\Geocities Current SFE Site\arenas.html --> home.bellsouth.net /sfe arenas.html
2006.09.08 10:18 B C:\Data\SFE\Geocities Current SFE Site\atlantislogo.jpg --> home.bellsouth.net /sfe atlantislogo.jpg
2006.09.08 10:18 B C:\Data\SFE\Geocities Current SFE Site\atlantislogosmall.jpg --> home.bellsouth.net /sfe atlantislogosmall.jpg
2006.09.08 10:18 B C:\Data\SFE\Geocities Current SFE Site\batprac.html --> home.bellsouth.net /sfe batprac.html
2006.09.08 10:18 B C:\Data\SFE\Geocities Current SFE Site\batting.html --> home.bellsouth.net /sfe batting.html
2006.09.08 10:18 B C:\Data\SFE\Geocities Current SFE Site\billbrough.html --> home.bellsouth.net /sfe billbrough.html
2006.09.08 10:18 B C:\Data\SFE\Geocities Current SFE Site\billbrough1.jpg --> home.bellsouth.net /sfe billbrough1.jpg
2006.09.08 10:18 B C:\Data\SFE\Geocities Current SFE Site\billbrough40.jpg --> home.bellsouth.net /sfe billbrough40.jpg
2006.09.08 10:18 B C:\Data\SFE\Geocities Current SFE Site\blechman.html --> home.bellsouth.net /sfe blechman.html
2006.09.08 10:18 B C:\Data\SFE\Geocities Current SFE Site\blueline.bmp --> home.bellsouth.net /sfe blueline.bmp
2006.09.08 10:18 B C:\Data\SFE\Geocities Current SFE Site\bobadilla.html --> home.bellsouth.net /sfe bobadilla.html
2006.09.08 10:18 B C:\Data\SFE\Geocities Current SFE Site\cgbank4.gif --> home.bellsouth.net /sfe cgbank4.gif
2006.09.08 10:18 B C:\Data\SFE\Geocities Current SFE Site\contactus.html --> home.bellsouth.net /sfe contactus.html
2006.09.08 10:18 B C:\Data\SFE\Geocities Current SFE Site\cotilla.html --> home.bellsouth.net /sfe cotilla.html
2006.09.08 10:18 B C:\Data\SFE\Geocities Current SFE Site\cournoyer.html --> home.bellsouth.net /sfe cournoyer.html
2006.09.08 10:18 B C:\Data\SFE\Geocities Current SFE Site\cournoyer1.jpg --> home.bellsouth.net /sfe cournoyer1.jpg
2006.09.08 10:18 B C:\Data\SFE\Geocities Current SFE Site\currentmarquee.html --> home.bellsouth.net /sfe currentmarquee.html
2006.09.08 10:18 B C:\Data\SFE\Geocities Current SFE Site\delacruz.html --> home.bellsouth.net /sfe delacruz.html
2006.09.08 10:18 B C:\Data\SFE\Geocities Current SFE Site\delacruz1.jpg --> home.bellsouth.net /sfe delacruz1.jpg
2006.09.08 10:18 B C:\Data\SFE\Geocities Current SFE Site\delacruz40.jpg --> home.bellsouth.net /sfe delacruz40.jpg
2006.09.08 10:18 B C:\Data\SFE\Geocities Current SFE Site\diaza.html --> home.bellsouth.net /sfe diaza.html
2006.09.08 10:18 B C:\Data\SFE\Geocities Current SFE Site\DSC00188_0005.jpg --> home.bellsouth.net /sfe DSC00188_0005.jpg
2006.09.08 10:18 B C:\Data\SFE\Geocities Current SFE Site\DSC00190_0007.jpg --> home.bellsouth.net /sfe DSC00190_0007.jpg
2006.09.08 10:18 B C:\Data\SFE\Geocities Current SFE Site\DSC00191_0008.jpg --> home.bellsouth.net /sfe DSC00191_0008.jpg
2006.09.08 10:18 B C:\Data\SFE\Geocities Current SFE Site\DSC00193_0009.jpg --> home.bellsouth.net /sfe DSC00193_0009.jpg
2006.09.08 10:18 B C:\Data\SFE\Geocities Current SFE Site\DSC00194_0010.jpg --> home.bellsouth.net /sfe DSC00194_0010.jpg
2006.09.08 10:19 B C:\Data\SFE\Geocities Current SFE Site\DSC00195_0012.jpg --> home.bellsouth.net /sfe DSC00195_0012.jpg
2006.09.08 10:19 B C:\Data\SFE\Geocities Current SFE Site\DSC00196_0013.jpg --> home.bellsouth.net /sfe DSC00196_0013.jpg
2006.09.08 10:19 B C:\Data\SFE\Geocities Current SFE Site\DSC00197_0015.jpg --> home.bellsouth.net /sfe DSC00197_0015.jpg
2006.09.08 10:19 B C:\Data\SFE\Geocities Current SFE Site\DSC00207_0032.jpg --> home.bellsouth.net /sfe DSC00207_0032.jpg
2006.09.08 10:19 B C:\Data\SFE\Geocities Current SFE Site\DSC00222_0055.jpg --> home.bellsouth.net /sfe DSC00222_0055.jpg
2006.09.08 10:19 B C:\Data\SFE\Geocities Current SFE Site\DSC00232_0067.jpg --> home.bellsouth.net /sfe DSC00232_0067.jpg
2006.09.08 10:19 B C:\Data\SFE\Geocities Current SFE Site\DSC00233_0068.jpg --> home.bellsouth.net /sfe DSC00233_0068.jpg
2006.09.08 10:19 B C:\Data\SFE\Geocities Current SFE Site\dukek.html --> home.bellsouth.net /sfe dukek.html
2006.09.08 10:19 B C:\Data\SFE\Geocities Current SFE Site\dukek1.jpg --> home.bellsouth.net /sfe dukek1.jpg
2006.09.08 10:19 B C:\Data\SFE\Geocities Current SFE Site\dukek2.jpg --> home.bellsouth.net /sfe dukek2.jpg
2006.09.08 10:19 B C:\Data\SFE\Geocities Current SFE Site\emory.html --> home.bellsouth.net /sfe emory.html
2006.09.08 10:19 B C:\Data\SFE\Geocities Current SFE Site\emory1.jpg --> home.bellsouth.net /sfe emory1.jpg
2006.09.08 10:19 B C:\Data\SFE\Geocities Current SFE Site\emory2.jpg --> home.bellsouth.net /sfe emory2.jpg
2006.09.08 10:19 B C:\Data\SFE\Geocities Current SFE Site\emory3.jpg --> home.bellsouth.net /sfe emory3.jpg
2006.09.08 10:19 B C:\Data\SFE\Geocities Current SFE Site\emory4.jpg --> home.bellsouth.net /sfe emory4.jpg
2006.09.08 10:19 B C:\Data\SFE\Geocities Current SFE Site\emory40.jpg --> home.bellsouth.net /sfe emory40.jpg
2006.09.08 10:19 B C:\Data\SFE\Geocities Current SFE Site\errorpage.html --> home.bellsouth.net /sfe errorpage.html
2006.09.08 10:19 B C:\Data\SFE\Geocities Current SFE Site\explainstats.html --> home.bellsouth.net /sfe explainstats.html
2006.09.08 10:19 B C:\Data\SFE\Geocities Current SFE Site\feliz.html --> home.bellsouth.net /sfe feliz.html
2006.09.08 10:19 B C:\Data\SFE\Geocities Current SFE Site\feliz1.jpg --> home.bellsouth.net /sfe feliz1.jpg
2006.09.08 10:19 B C:\Data\SFE\Geocities Current SFE Site\fileraddress1.gif --> home.bellsouth.net /sfe fileraddress1.gif
2006.09.08 10:19 B C:\Data\SFE\Geocities Current SFE Site\fileraddress1.jpg --> home.bellsouth.net /sfe fileraddress1.jpg
2006.09.08 10:19 B C:\Data\SFE\Geocities Current SFE Site\filerlogosimple.gif --> home.bellsouth.net /sfe filerlogosimple.gif
2006.09.08 10:19 B C:\Data\SFE\Geocities Current SFE Site\filerlogosimple.jpg --> home.bellsouth.net /sfe filerlogosimple.jpg
2006.09.08 10:19 B C:\Data\SFE\Geocities Current SFE Site\fktmp25_0056.jpg --> home.bellsouth.net /sfe fktmp25_0056.jpg
2006.09.08 10:19 B C:\Data\SFE\Geocities Current SFE Site\fktmp27_0060.jpg --> home.bellsouth.net /sfe fktmp27_0060.jpg
2006.09.08 10:19 B C:\Data\SFE\Geocities Current SFE Site\footer.html --> home.bellsouth.net /sfe footer.html
2006.09.08 10:19 B C:\Data\SFE\Geocities Current SFE Site\funds.html --> home.bellsouth.net /sfe funds.html
2006.09.08 10:19 B C:\Data\SFE\Geocities Current SFE Site\games.html --> home.bellsouth.net /sfe games.html
2006.09.08 10:19 B C:\Data\SFE\Geocities Current SFE Site\garcia.html --> home.bellsouth.net /sfe garcia.html
2006.09.08 10:19 B C:\Data\SFE\Geocities Current SFE Site\garcia40.jpg --> home.bellsouth.net /sfe garcia40.jpg
2006.09.08 10:19 B C:\Data\SFE\Geocities Current SFE Site\gomes.html --> home.bellsouth.net /sfe gomes.html
2006.09.08 10:19 B C:\Data\SFE\Geocities Current SFE Site\gomes1.jpg --> home.bellsouth.net /sfe gomes1.jpg
2006.09.08 10:19 B C:\Data\SFE\Geocities Current SFE Site\groupmlogo.gif --> home.bellsouth.net /sfe groupmlogo.gif
2006.09.08 10:19 B C:\Data\SFE\Geocities Current SFE Site\groupmlogosmall.gif --> home.bellsouth.net /sfe groupmlogosmall.gif
2006.09.08 10:19 B C:\Data\SFE\Geocities Current SFE Site\groupmpage.html --> home.bellsouth.net /sfe groupmpage.html
2006.09.08 10:19 B C:\Data\SFE\Geocities Current SFE Site\guerrero.html --> home.bellsouth.net /sfe guerrero.html
2006.09.08 10:19 B C:\Data\SFE\Geocities Current SFE Site\header.html --> home.bellsouth.net /sfe header.html
2006.09.08 10:19 B C:\Data\SFE\Geocities Current SFE Site\headerns.html --> home.bellsouth.net /sfe headerns.html
2006.09.08 10:19 B C:\Data\SFE\Geocities Current SFE Site\hingston.html --> home.bellsouth.net /sfe hingston.html
2006.09.08 10:19 B C:\Data\SFE\Geocities Current SFE Site\hingston40.jpg --> home.bellsouth.net /sfe hingston40.jpg
2006.09.08 10:19 B C:\Data\SFE\Geocities Current SFE Site\index.html --> home.bellsouth.net /sfe index.html
2006.09.08 10:19 B C:\Data\SFE\Geocities Current SFE Site\jacques.html --> home.bellsouth.net /sfe jacques.html
2006.09.08 10:19 B C:\Data\SFE\Geocities Current SFE Site\jacques1.jpg --> home.bellsouth.net /sfe jacques1.jpg
2006.09.08 10:20 B C:\Data\SFE\Geocities Current SFE Site\JVTeam62004.gif --> home.bellsouth.net /sfe JVTeam62004.gif
2006.09.08 10:20 B C:\Data\SFE\Geocities Current SFE Site\JVTeamS62004.gif --> home.bellsouth.net /sfe JVTeamS62004.gif
2006.09.08 10:20 B C:\Data\SFE\Geocities Current SFE Site\JVWH1.jpg --> home.bellsouth.net /sfe JVWH1.jpg
2006.09.08 10:21 B C:\Data\SFE\Geocities Current SFE Site\JVWH1.jpg --> home.bellsouth.net /sfe JVWH1.jpg
2006.09.08 10:21 B C:\Data\SFE\Geocities Current SFE Site\JVWHMedals.jpg --> home.bellsouth.net /sfe JVWHMedals.jpg
2006.09.08 10:21 B C:\Data\SFE\Geocities Current SFE Site\JVWHphotos.html --> home.bellsouth.net /sfe JVWHphotos.html
2006.09.08 10:21 B C:\Data\SFE\Geocities Current SFE Site\JVWHphotos704.html --> home.bellsouth.net /sfe JVWHphotos704.html
2006.09.08 10:21 B C:\Data\SFE\Geocities Current SFE Site\kparsons.html --> home.bellsouth.net /sfe kparsons.html
2006.09.08 10:21 B C:\Data\SFE\Geocities Current SFE Site\lambert.html --> home.bellsouth.net /sfe lambert.html
2006.09.08 10:21 B C:\Data\SFE\Geocities Current SFE Site\lambert1.jpg --> home.bellsouth.net /sfe lambert1.jpg
2006.09.08 10:21 B C:\Data\SFE\Geocities Current SFE Site\lauriello.html --> home.bellsouth.net /sfe lauriello.html
2006.09.08 10:21 B C:\Data\SFE\Geocities Current SFE Site\lauriello1.jpg --> home.bellsouth.net /sfe lauriello1.jpg
2006.09.08 10:21 B C:\Data\SFE\Geocities Current SFE Site\leavittlogo.gif --> home.bellsouth.net /sfe leavittlogo.gif
2006.09.08 10:21 B C:\Data\SFE\Geocities Current SFE Site\links.html --> home.bellsouth.net /sfe links.html
2006.09.08 10:21 B C:\Data\SFE\Geocities Current SFE Site\luzardo.html --> home.bellsouth.net /sfe luzardo.html
2006.09.08 10:21 B C:\Data\SFE\Geocities Current SFE Site\maggiore.html --> home.bellsouth.net /sfe maggiore.html
2006.09.08 10:21 B C:\Data\SFE\Geocities Current SFE Site\maggiore1.html --> home.bellsouth.net /sfe maggiore1.html
2006.09.08 10:21 B C:\Data\SFE\Geocities Current SFE Site\maggiore1.jpg --> home.bellsouth.net /sfe maggiore1.jpg
2006.09.08 10:21 B C:\Data\SFE\Geocities Current SFE Site\maggiore2.jpg --> home.bellsouth.net /sfe maggiore2.jpg
2006.09.08 10:21 B C:\Data\SFE\Geocities Current SFE Site\maggiore20.jpg --> home.bellsouth.net /sfe maggiore20.jpg
2006.09.08 10:21 B C:\Data\SFE\Geocities Current SFE Site\maggiore21.jpg --> home.bellsouth.net /sfe maggiore21.jpg
2006.09.08 10:21 B C:\Data\SFE\Geocities Current SFE Site\maggiore22.jpg --> home.bellsouth.net /sfe maggiore22.jpg
2006.09.08 10:21 B C:\Data\SFE\Geocities Current SFE Site\maggiore23.jpg --> home.bellsouth.net /sfe maggiore23.jpg
2006.09.08 10:21 B C:\Data\SFE\Geocities Current SFE Site\maggiore3.jpg --> home.bellsouth.net /sfe maggiore3.jpg
2006.09.08 10:21 B C:\Data\SFE\Geocities Current SFE Site\maggiore4.jpg --> home.bellsouth.net /sfe maggiore4.jpg
2006.09.08 10:21 B C:\Data\SFE\Geocities Current SFE Site\maggiore5.jpg --> home.bellsouth.net /sfe maggiore5.jpg
2006.09.08 10:21 B C:\Data\SFE\Geocities Current SFE Site\maggiore6.jpg --> home.bellsouth.net /sfe maggiore6.jpg
2006.09.08 10:21 B C:\Data\SFE\Geocities Current SFE Site\maggiore7.jpg --> home.bellsouth.net /sfe maggiore7.jpg
2006.09.08 10:21 B C:\Data\SFE\Geocities Current SFE Site\maggiore8.jpg --> home.bellsouth.net /sfe maggiore8.jpg
2006.09.08 10:21 B C:\Data\SFE\Geocities Current SFE Site\maggioreextend.html --> home.bellsouth.net /sfe maggioreextend.html
2006.09.08 10:21 B C:\Data\SFE\Geocities Current SFE Site\marlow.html --> home.bellsouth.net /sfe marlow.html
2006.09.08 10:21 B C:\Data\SFE\Geocities Current SFE Site\mcdonald.html --> home.bellsouth.net /sfe mcdonald.html
2006.09.08 10:21 B C:\Data\SFE\Geocities Current SFE Site\mcdonald1.jpg --> home.bellsouth.net /sfe mcdonald1.jpg
2006.09.08 10:21 B C:\Data\SFE\Geocities Current SFE Site\mcdonald2.jpg --> home.bellsouth.net /sfe mcdonald2.jpg
2006.09.08 10:21 B C:\Data\SFE\Geocities Current SFE Site\mcdonald3.jpg --> home.bellsouth.net /sfe mcdonald3.jpg
2006.09.08 10:21 B C:\Data\SFE\Geocities Current SFE Site\mcdonald4.jpg --> home.bellsouth.net /sfe mcdonald4.jpg
2006.09.08 10:21 B C:\Data\SFE\Geocities Current SFE Site\mcdonald5.jpg --> home.bellsouth.net /sfe mcdonald5.jpg
2006.09.08 10:21 B C:\Data\SFE\Geocities Current SFE Site\mcdonald6.jpg --> home.bellsouth.net /sfe mcdonald6.jpg
2006.09.08 10:21 B C:\Data\SFE\Geocities Current SFE Site\mcdonald7.jpg --> home.bellsouth.net /sfe mcdonald7.jpg
2006.09.08 10:21 B C:\Data\SFE\Geocities Current SFE Site\mcdonaldextend.html --> home.bellsouth.net /sfe mcdonaldextend.html
2006.09.08 10:21 B C:\Data\SFE\Geocities Current SFE Site\mmlogosmall.gif --> home.bellsouth.net /sfe mmlogosmall.gif
2006.09.08 10:21 B C:\Data\SFE\Geocities Current SFE Site\msaclogo.gif --> home.bellsouth.net /sfe msaclogo.gif
2006.09.08 10:21 B C:\Data\SFE\Geocities Current SFE Site\msaclogosmall.gif --> home.bellsouth.net /sfe msaclogosmall.gif
2006.09.08 10:21 B C:\Data\SFE\Geocities Current SFE Site\msacpage.html --> home.bellsouth.net /sfe msacpage.html
2006.09.08 10:21 B C:\Data\SFE\Geocities Current SFE Site\news.html --> home.bellsouth.net /sfe news.html
2006.09.08 10:21 B C:\Data\SFE\Geocities Current SFE Site\nimer.html --> home.bellsouth.net /sfe nimer.html
2006.09.08 10:21 B C:\Data\SFE\Geocities Current SFE Site\nimer1.jpg --> home.bellsouth.net /sfe nimer1.jpg
2006.09.08 10:21 B C:\Data\SFE\Geocities Current SFE Site\nimer40.jpg --> home.bellsouth.net /sfe nimer40.jpg
2006.09.08 10:21 B C:\Data\SFE\Geocities Current SFE Site\olson.html --> home.bellsouth.net /sfe olson.html
2006.09.08 10:21 B C:\Data\SFE\Geocities Current SFE Site\parsons.html --> home.bellsouth.net /sfe parsons.html
2006.09.08 10:22 B C:\Data\SFE\Geocities Current SFE Site\parsons15.jpg --> home.bellsouth.net /sfe parsons15.jpg
2006.09.08 10:22 B C:\Data\SFE\Geocities Current SFE Site\parsons16.jpg --> home.bellsouth.net /sfe parsons16.jpg
2006.09.08 10:22 B C:\Data\SFE\Geocities Current SFE Site\parsons20.jpg --> home.bellsouth.net /sfe parsons20.jpg
2006.09.08 10:22 B C:\Data\SFE\Geocities Current SFE Site\parsons31.jpg --> home.bellsouth.net /sfe parsons31.jpg
2006.09.08 10:34 B C:\Data\SFE\Geocities Current SFE Site\index.html --> home.bellsouth.net /sfe index.html
2006.09.08 10:34 B C:\Data\SFE\Geocities Current SFE Site\index.html --> home.bellsouth.net /sfe index.html
2006.09.08 10:37 B C:\Data\SFE\Geocities Current SFE Site\parsons31.jpg --> home.bellsouth.net /sfe parsons31.jpg
2006.09.08 10:38 B C:\Data\SFE\Geocities Current SFE Site\parsons20.jpg --> home.bellsouth.net /sfe parsons20.jpg
2006.09.08 10:38 B C:\Data\SFE\Geocities Current SFE Site\parsons31.jpg --> home.bellsouth.net /sfe parsons31.jpg
2006.09.08 10:38 B C:\Data\SFE\Geocities Current SFE Site\parsons32.jpg --> home.bellsouth.net /sfe parsons32.jpg
2006.09.08 10:38 B C:\Data\SFE\Geocities Current SFE Site\parsons33.jpg --> home.bellsouth.net /sfe parsons33.jpg
2006.09.08 10:38 B C:\Data\SFE\Geocities Current SFE Site\parsons34.jpg --> home.bellsouth.net /sfe parsons34.jpg
2006.09.08 10:38 B C:\Data\SFE\Geocities Current SFE Site\parsons35.jpg --> home.bellsouth.net /sfe parsons35.jpg
2006.09.08 10:38 B C:\Data\SFE\Geocities Current SFE Site\parsons99.jpg --> home.bellsouth.net /sfe parsons99.jpg
2006.09.08 10:38 B C:\Data\SFE\Geocities Current SFE Site\parsonsextend.html --> home.bellsouth.net /sfe parsonsextend.html
2006.09.08 10:38 B C:\Data\SFE\Geocities Current SFE Site\parsonsold.html --> home.bellsouth.net /sfe parsonsold.html
2006.09.08 10:38 B C:\Data\SFE\Geocities Current SFE Site\pena.html --> home.bellsouth.net /sfe pena.html
2006.09.08 10:38 B C:\Data\SFE\Geocities Current SFE Site\petersen.html --> home.bellsouth.net /sfe petersen.html
2006.09.08 10:38 B C:\Data\SFE\Geocities Current SFE Site\photos.html --> home.bellsouth.net /sfe photos.html
2006.09.08 10:38 B C:\Data\SFE\Geocities Current SFE Site\pitching.html --> home.bellsouth.net /sfe pitching.html
2006.09.08 10:38 B C:\Data\SFE\Geocities Current SFE Site\players.html --> home.bellsouth.net /sfe players.html
2006.09.08 10:38 B C:\Data\SFE\Geocities Current SFE Site\prongay.html --> home.bellsouth.net /sfe prongay.html
2006.09.08 10:38 B C:\Data\SFE\Geocities Current SFE Site\prongay1.jpg --> home.bellsouth.net /sfe prongay1.jpg
2006.09.08 10:38 B C:\Data\SFE\Geocities Current SFE Site\prongay40.jpg --> home.bellsouth.net /sfe prongay40.jpg
2006.09.08 10:38 B C:\Data\SFE\Geocities Current SFE Site\reamerjd.html --> home.bellsouth.net /sfe reamerjd.html
2006.09.08 10:38 B C:\Data\SFE\Geocities Current SFE Site\reamerjd1.jpg --> home.bellsouth.net /sfe reamerjd1.jpg
2006.09.08 10:38 B C:\Data\SFE\Geocities Current SFE Site\reamerjd2.jpg --> home.bellsouth.net /sfe reamerjd2.jpg
2006.09.08 10:38 B C:\Data\SFE\Geocities Current SFE Site\rivera.html --> home.bellsouth.net /sfe rivera.html
2006.09.08 10:38 B C:\Data\SFE\Geocities Current SFE Site\rivera1.jpg --> home.bellsouth.net /sfe rivera1.jpg
2006.09.08 10:38 B C:\Data\SFE\Geocities Current SFE Site\rivera40.jpg --> home.bellsouth.net /sfe rivera40.jpg
2006.09.08 10:38 B C:\Data\SFE\Geocities Current SFE Site\salmon.html --> home.bellsouth.net /sfe salmon.html
2006.09.08 10:38 B C:\Data\SFE\Geocities Current SFE Site\schedule.html --> home.bellsouth.net /sfe schedule.html
2006.09.08 10:38 B C:\Data\SFE\Geocities Current SFE Site\schedule2003.html --> home.bellsouth.net /sfe schedule2003.html
2006.09.08 10:38 B C:\Data\SFE\Geocities Current SFE Site\seaboardsmall.jpg --> home.bellsouth.net /sfe seaboardsmall.jpg
2006.09.08 10:38 B C:\Data\SFE\Geocities Current SFE Site\sfelogoq.gif --> home.bellsouth.net /sfe sfelogoq.gif
2006.09.08 10:38 B C:\Data\SFE\Geocities Current SFE Site\sforzaflick.html --> home.bellsouth.net /sfe sforzaflick.html
2006.09.08 10:38 B C:\Data\SFE\Geocities Current SFE Site\smtlogo.gif --> home.bellsouth.net /sfe smtlogo.gif
2006.09.08 10:38 B C:\Data\SFE\Geocities Current SFE Site\SponsorLetter.doc --> home.bellsouth.net /sfe SponsorLetter.doc
2006.09.08 10:38 B C:\Data\SFE\Geocities Current SFE Site\staff.html --> home.bellsouth.net /sfe staff.html
2006.09.08 10:38 B C:\Data\SFE\Geocities Current SFE Site\style1.css --> home.bellsouth.net /sfe style1.css
2006.09.08 10:38 B C:\Data\SFE\Geocities Current SFE Site\tarazona.html --> home.bellsouth.net /sfe tarazona.html
2006.09.08 10:38 B C:\Data\SFE\Geocities Current SFE Site\tarazona1.jpg --> home.bellsouth.net /sfe tarazona1.jpg
2006.09.08 10:38 B C:\Data\SFE\Geocities Current SFE Site\tarazona40.jpg --> home.bellsouth.net /sfe tarazona40.jpg
2006.09.08 10:38 B C:\Data\SFE\Geocities Current SFE Site\teamrules.html --> home.bellsouth.net /sfe teamrules.html
2006.09.08 10:38 B C:\Data\SFE\Geocities Current SFE Site\tribulletblue.gif --> home.bellsouth.net /sfe tribulletblue.gif
2006.09.08 10:38 B C:\Data\SFE\Geocities Current SFE Site\tyson.html --> home.bellsouth.net /sfe tyson.html
2006.09.08 10:38 B C:\Data\SFE\Geocities Current SFE Site\tyson1.jpg --> home.bellsouth.net /sfe tyson1.jpg
2006.09.08 10:38 B C:\Data\SFE\Geocities Current SFE Site\valdes.html --> home.bellsouth.net /sfe valdes.html
2006.09.08 10:38 B C:\Data\SFE\Geocities Current SFE Site\VarsityWH1.jpg --> home.bellsouth.net /sfe VarsityWH1.jpg
