2001.12.21 08:30 B d:\pythons\WebPage Backup 122101\.htaccess <-- Palmetto Pythons /Documents .htaccess
2001.12.21 08:30 B d:\pythons\WebPage Backup 122101\.nsconfig <-- Palmetto Pythons /Documents .nsconfig
2001.12.21 08:30 B d:\pythons\WebPage Backup 122101\antonelli.htm <-- Palmetto Pythons /Documents antonelli.htm
2001.12.21 08:30 B d:\pythons\WebPage Backup 122101\antonelli1.jpg <-- Palmetto Pythons /Documents antonelli1.jpg
2001.12.21 08:30 B d:\pythons\WebPage Backup 122101\antonelli2.jpg <-- Palmetto Pythons /Documents antonelli2.jpg
2001.12.21 08:30 B d:\pythons\WebPage Backup 122101\antonelli3.jpg <-- Palmetto Pythons /Documents antonelli3.jpg
2001.12.21 08:30 B d:\pythons\WebPage Backup 122101\antonelli4.jpg <-- Palmetto Pythons /Documents antonelli4.jpg
2001.12.21 08:30 B d:\pythons\WebPage Backup 122101\antonelli5.jpg <-- Palmetto Pythons /Documents antonelli5.jpg
2001.12.21 08:30 B d:\pythons\WebPage Backup 122101\antonelliextend.htm <-- Palmetto Pythons /Documents antonelliextend.htm
2001.12.21 08:30 B d:\pythons\WebPage Backup 122101\antonelliresume.htm <-- Palmetto Pythons /Documents antonelliresume.htm
2001.12.21 08:31 B d:\pythons\WebPage Backup 122101\anzivino.htm <-- Palmetto Pythons /Documents anzivino.htm
2001.12.21 08:31 B d:\pythons\WebPage Backup 122101\anzivino1.jpg <-- Palmetto Pythons /Documents anzivino1.jpg
2001.12.21 08:31 B d:\pythons\WebPage Backup 122101\anzivinoextend.htm <-- Palmetto Pythons /Documents anzivinoextend.htm
2001.12.21 08:31 B d:\pythons\WebPage Backup 122101\anzivinoresume.htm <-- Palmetto Pythons /Documents anzivinoresume.htm
2001.12.21 08:31 B d:\pythons\WebPage Backup 122101\asgames.htm <-- Palmetto Pythons /Documents asgames.htm
2001.12.21 08:31 B d:\pythons\WebPage Backup 122101\ballinflightblue.bmp <-- Palmetto Pythons /Documents ballinflightblue.bmp
2001.12.21 08:31 B d:\pythons\WebPage Backup 122101\cerda.htm <-- Palmetto Pythons /Documents cerda.htm
2001.12.21 08:31 B d:\pythons\WebPage Backup 122101\cerda1.jpg <-- Palmetto Pythons /Documents cerda1.jpg
2001.12.21 08:31 B d:\pythons\WebPage Backup 122101\cerdaextend.htm <-- Palmetto Pythons /Documents cerdaextend.htm
2001.12.21 08:31 B d:\pythons\WebPage Backup 122101\cerdaresume.htm <-- Palmetto Pythons /Documents cerdaresume.htm
2001.12.21 08:31 B d:\pythons\WebPage Backup 122101\coaches.htm <-- Palmetto Pythons /Documents coaches.htm
2001.12.21 08:31 B d:\pythons\WebPage Backup 122101\cunetta.htm <-- Palmetto Pythons /Documents cunetta.htm
2001.12.21 08:31 B d:\pythons\WebPage Backup 122101\cunetta1.jpg <-- Palmetto Pythons /Documents cunetta1.jpg
2001.12.21 08:31 B d:\pythons\WebPage Backup 122101\cunetta2.jpg <-- Palmetto Pythons /Documents cunetta2.jpg
2001.12.21 08:31 B d:\pythons\WebPage Backup 122101\cunetta3.jpg <-- Palmetto Pythons /Documents cunetta3.jpg
2001.12.21 08:31 B d:\pythons\WebPage Backup 122101\cunettaextend.htm <-- Palmetto Pythons /Documents cunettaextend.htm
2001.12.21 08:31 B d:\pythons\WebPage Backup 122101\cunettaresume.htm <-- Palmetto Pythons /Documents cunettaresume.htm
2001.12.21 08:31 B d:\pythons\WebPage Backup 122101\emory.htm <-- Palmetto Pythons /Documents emory.htm
2001.12.21 08:31 B d:\pythons\WebPage Backup 122101\emory1.jpg <-- Palmetto Pythons /Documents emory1.jpg
2001.12.21 08:31 B d:\pythons\WebPage Backup 122101\emory2.jpg <-- Palmetto Pythons /Documents emory2.jpg
2001.12.21 08:31 B d:\pythons\WebPage Backup 122101\emory3.jpg <-- Palmetto Pythons /Documents emory3.jpg
2001.12.21 08:31 B d:\pythons\WebPage Backup 122101\emory4.jpg <-- Palmetto Pythons /Documents emory4.jpg
2001.12.21 08:31 B d:\pythons\WebPage Backup 122101\emoryextend.htm <-- Palmetto Pythons /Documents emoryextend.htm
2001.12.21 08:31 B d:\pythons\WebPage Backup 122101\emoryresume.htm <-- Palmetto Pythons /Documents emoryresume.htm
2001.12.21 08:31 B d:\pythons\WebPage Backup 122101\errorpage.htm <-- Palmetto Pythons /Documents errorpage.htm
2001.12.21 08:31 B d:\pythons\WebPage Backup 122101\former.htm <-- Palmetto Pythons /Documents former.htm
2001.12.21 08:31 B d:\pythons\WebPage Backup 122101\games.htm <-- Palmetto Pythons /Documents games.htm
2001.12.21 08:31 B d:\pythons\WebPage Backup 122101\guestbook.mv <-- Palmetto Pythons /Documents guestbook.mv
2001.12.21 08:31 B d:\pythons\WebPage Backup 122101\index.htm <-- Palmetto Pythons /Documents index.htm
2001.12.21 08:31 B d:\pythons\WebPage Backup 122101\info.htm <-- Palmetto Pythons /Documents info.htm
2001.12.21 08:31 B d:\pythons\WebPage Backup 122101\kacer.htm <-- Palmetto Pythons /Documents kacer.htm
2001.12.21 08:31 B d:\pythons\WebPage Backup 122101\kacer1.jpg <-- Palmetto Pythons /Documents kacer1.jpg
2001.12.21 08:31 B d:\pythons\WebPage Backup 122101\kacer2.jpg <-- Palmetto Pythons /Documents kacer2.jpg
2001.12.21 08:31 B d:\pythons\WebPage Backup 122101\kacer3.jpg <-- Palmetto Pythons /Documents kacer3.jpg
2001.12.21 08:31 B d:\pythons\WebPage Backup 122101\kacer4.jpg <-- Palmetto Pythons /Documents kacer4.jpg
2001.12.21 08:31 B d:\pythons\WebPage Backup 122101\kacer5.jpg <-- Palmetto Pythons /Documents kacer5.jpg
2001.12.21 08:31 B d:\pythons\WebPage Backup 122101\kacer6.jpg <-- Palmetto Pythons /Documents kacer6.jpg
2001.12.21 08:31 B d:\pythons\WebPage Backup 122101\kacerextend.htm <-- Palmetto Pythons /Documents kacerextend.htm
2001.12.21 08:31 B d:\pythons\WebPage Backup 122101\kacerresume.htm <-- Palmetto Pythons /Documents kacerresume.htm
2001.12.21 08:31 B d:\pythons\WebPage Backup 122101\kraslow.htm <-- Palmetto Pythons /Documents kraslow.htm
2001.12.21 08:31 B d:\pythons\WebPage Backup 122101\kraslow1.jpg <-- Palmetto Pythons /Documents kraslow1.jpg
2001.12.21 08:31 B d:\pythons\WebPage Backup 122101\kraslowextend.htm <-- Palmetto Pythons /Documents kraslowextend.htm
2001.12.21 08:31 B d:\pythons\WebPage Backup 122101\kraslowresume.htm <-- Palmetto Pythons /Documents kraslowresume.htm
2001.12.21 08:31 B d:\pythons\WebPage Backup 122101\lozano.htm <-- Palmetto Pythons /Documents lozano.htm
2001.12.21 08:31 B d:\pythons\WebPage Backup 122101\lozano1.jpg <-- Palmetto Pythons /Documents lozano1.jpg
2001.12.21 08:31 B d:\pythons\WebPage Backup 122101\lozano5.jpg <-- Palmetto Pythons /Documents lozano5.jpg
2001.12.21 08:31 B d:\pythons\WebPage Backup 122101\lozano6.jpg <-- Palmetto Pythons /Documents lozano6.jpg
2001.12.21 08:31 B d:\pythons\WebPage Backup 122101\lozanoextend.htm <-- Palmetto Pythons /Documents lozanoextend.htm
2001.12.21 08:31 B d:\pythons\WebPage Backup 122101\lozanoresume.htm <-- Palmetto Pythons /Documents lozanoresume.htm
2001.12.21 08:31 B d:\pythons\WebPage Backup 122101\maggiore.htm <-- Palmetto Pythons /Documents maggiore.htm
2001.12.21 08:31 B d:\pythons\WebPage Backup 122101\maggiore1.jpg <-- Palmetto Pythons /Documents maggiore1.jpg
2001.12.21 08:31 B d:\pythons\WebPage Backup 122101\maggiore2.jpg <-- Palmetto Pythons /Documents maggiore2.jpg
2001.12.21 08:31 B d:\pythons\WebPage Backup 122101\maggiore3.jpg <-- Palmetto Pythons /Documents maggiore3.jpg
2001.12.21 08:31 B d:\pythons\WebPage Backup 122101\maggiore4.jpg <-- Palmetto Pythons /Documents maggiore4.jpg
2001.12.21 08:31 B d:\pythons\WebPage Backup 122101\maggiore5.jpg <-- Palmetto Pythons /Documents maggiore5.jpg
2001.12.21 08:31 B d:\pythons\WebPage Backup 122101\maggiore6.jpg <-- Palmetto Pythons /Documents maggiore6.jpg
2001.12.21 08:31 B d:\pythons\WebPage Backup 122101\maggiore7.jpg <-- Palmetto Pythons /Documents maggiore7.jpg
2001.12.21 08:31 B d:\pythons\WebPage Backup 122101\maggiore8.jpg <-- Palmetto Pythons /Documents maggiore8.jpg
2001.12.21 08:31 B d:\pythons\WebPage Backup 122101\maggioreextend.htm <-- Palmetto Pythons /Documents maggioreextend.htm
2001.12.21 08:31 B d:\pythons\WebPage Backup 122101\maggioreresume.htm <-- Palmetto Pythons /Documents maggioreresume.htm
2001.12.21 08:31 B d:\pythons\WebPage Backup 122101\martinez.htm <-- Palmetto Pythons /Documents martinez.htm
2001.12.21 08:31 B d:\pythons\WebPage Backup 122101\martinez1.jpg <-- Palmetto Pythons /Documents martinez1.jpg
2001.12.21 08:31 B d:\pythons\WebPage Backup 122101\martinez2.jpg <-- Palmetto Pythons /Documents martinez2.jpg
2001.12.21 08:31 B d:\pythons\WebPage Backup 122101\martinez3.jpg <-- Palmetto Pythons /Documents martinez3.jpg
2001.12.21 08:31 B d:\pythons\WebPage Backup 122101\martinez4.jpg <-- Palmetto Pythons /Documents martinez4.jpg
2001.12.21 08:31 B d:\pythons\WebPage Backup 122101\martinez5.jpg <-- Palmetto Pythons /Documents martinez5.jpg
2001.12.21 08:31 B d:\pythons\WebPage Backup 122101\martinezextend.htm <-- Palmetto Pythons /Documents martinezextend.htm
2001.12.21 08:31 B d:\pythons\WebPage Backup 122101\martinezresume.htm <-- Palmetto Pythons /Documents martinezresume.htm
2001.12.21 08:31 B d:\pythons\WebPage Backup 122101\mcdonald.htm <-- Palmetto Pythons /Documents mcdonald.htm
2001.12.21 08:31 B d:\pythons\WebPage Backup 122101\mcdonald1.jpg <-- Palmetto Pythons /Documents mcdonald1.jpg
2001.12.21 08:31 B d:\pythons\WebPage Backup 122101\mcdonald2.jpg <-- Palmetto Pythons /Documents mcdonald2.jpg
2001.12.21 08:31 B d:\pythons\WebPage Backup 122101\mcdonald3.jpg <-- Palmetto Pythons /Documents mcdonald3.jpg
2001.12.21 08:31 B d:\pythons\WebPage Backup 122101\mcdonald4.jpg <-- Palmetto Pythons /Documents mcdonald4.jpg
2001.12.21 08:31 B d:\pythons\WebPage Backup 122101\mcdonald5.jpg <-- Palmetto Pythons /Documents mcdonald5.jpg
2001.12.21 08:31 B d:\pythons\WebPage Backup 122101\mcdonald6.jpg <-- Palmetto Pythons /Documents mcdonald6.jpg
2001.12.21 08:31 B d:\pythons\WebPage Backup 122101\mcdonald7.jpg <-- Palmetto Pythons /Documents mcdonald7.jpg
2001.12.21 08:31 B d:\pythons\WebPage Backup 122101\mcdonaldextend.htm <-- Palmetto Pythons /Documents mcdonaldextend.htm
2001.12.21 08:31 B d:\pythons\WebPage Backup 122101\mcdonaldresume.htm <-- Palmetto Pythons /Documents mcdonaldresume.htm
2001.12.21 08:31 B d:\pythons\WebPage Backup 122101\msgboard.mv <-- Palmetto Pythons /Documents msgboard.mv
2001.12.21 08:31 B d:\pythons\WebPage Backup 122101\newteam600x425a.jpg <-- Palmetto Pythons /Documents newteam600x425a.jpg
2001.12.21 08:31 B d:\pythons\WebPage Backup 122101\nimer.htm <-- Palmetto Pythons /Documents nimer.htm
2001.12.21 08:31 B d:\pythons\WebPage Backup 122101\nimerresume.htm <-- Palmetto Pythons /Documents nimerresume.htm
2001.12.21 08:31 B d:\pythons\WebPage Backup 122101\parsons.htm <-- Palmetto Pythons /Documents parsons.htm
2001.12.21 08:31 B d:\pythons\WebPage Backup 122101\parsons1.jpg <-- Palmetto Pythons /Documents parsons1.jpg
2001.12.21 08:31 B d:\pythons\WebPage Backup 122101\parsons10.jpg <-- Palmetto Pythons /Documents parsons10.jpg
2001.12.21 08:31 B d:\pythons\WebPage Backup 122101\parsons11.jpg <-- Palmetto Pythons /Documents parsons11.jpg
2001.12.21 08:32 B d:\pythons\WebPage Backup 122101\parsons12.jpg <-- Palmetto Pythons /Documents parsons12.jpg
2001.12.21 08:32 B d:\pythons\WebPage Backup 122101\parsons15.jpg <-- Palmetto Pythons /Documents parsons15.jpg
2001.12.21 08:32 B d:\pythons\WebPage Backup 122101\parsons16.jpg <-- Palmetto Pythons /Documents parsons16.jpg
2001.12.21 08:32 B d:\pythons\WebPage Backup 122101\parsons17a.jpg <-- Palmetto Pythons /Documents parsons17a.jpg
2001.12.21 08:32 B d:\pythons\WebPage Backup 122101\parsons2.jpg <-- Palmetto Pythons /Documents parsons2.jpg
2001.12.21 08:32 B d:\pythons\WebPage Backup 122101\parsons3.jpg <-- Palmetto Pythons /Documents parsons3.jpg
2001.12.21 08:32 B d:\pythons\WebPage Backup 122101\parsons4.jpg <-- Palmetto Pythons /Documents parsons4.jpg
2001.12.21 08:32 B d:\pythons\WebPage Backup 122101\parsons5.jpg <-- Palmetto Pythons /Documents parsons5.jpg
2001.12.21 08:32 B d:\pythons\WebPage Backup 122101\parsons6.jpg <-- Palmetto Pythons /Documents parsons6.jpg
2001.12.21 08:32 B d:\pythons\WebPage Backup 122101\parsons7.jpg <-- Palmetto Pythons /Documents parsons7.jpg
2001.12.21 08:32 B d:\pythons\WebPage Backup 122101\parsons8.jpg <-- Palmetto Pythons /Documents parsons8.jpg
2001.12.21 08:32 B d:\pythons\WebPage Backup 122101\parsons9.jpg <-- Palmetto Pythons /Documents parsons9.jpg
2001.12.21 08:32 B d:\pythons\WebPage Backup 122101\parsonsextend.htm <-- Palmetto Pythons /Documents parsonsextend.htm
2001.12.21 08:32 B d:\pythons\WebPage Backup 122101\parsonsresume.htm <-- Palmetto Pythons /Documents parsonsresume.htm
2001.12.21 08:32 B d:\pythons\WebPage Backup 122101\players.htm <-- Palmetto Pythons /Documents players.htm
2001.12.21 08:32 B d:\pythons\WebPage Backup 122101\shore.htm <-- Palmetto Pythons /Documents shore.htm
2001.12.21 08:32 B d:\pythons\WebPage Backup 122101\shore1.jpg <-- Palmetto Pythons /Documents shore1.jpg
2001.12.21 08:32 B d:\pythons\WebPage Backup 122101\shoreextend.htm <-- Palmetto Pythons /Documents shoreextend.htm
2001.12.21 08:32 B d:\pythons\WebPage Backup 122101\shoreresume.htm <-- Palmetto Pythons /Documents shoreresume.htm
2001.12.21 08:32 B d:\pythons\WebPage Backup 122101\style.css <-- Palmetto Pythons /Documents style.css
2001.12.21 08:32 B d:\pythons\WebPage Backup 122101\teama.jpg <-- Palmetto Pythons /Documents teama.jpg
2001.12.21 08:32 B d:\pythons\WebPage Backup 122101\teamb.jpg <-- Palmetto Pythons /Documents teamb.jpg
2001.12.21 08:32 B d:\pythons\WebPage Backup 122101\user.ini <-- Palmetto Pythons /Documents user.ini
2001.12.21 08:32 B d:\pythons\WebPage Backup 122101\welch.htm <-- Palmetto Pythons /Documents welch.htm
2001.12.21 08:32 B d:\pythons\WebPage Backup 122101\welch1.jpg <-- Palmetto Pythons /Documents welch1.jpg
2001.12.21 08:32 B d:\pythons\WebPage Backup 122101\welch2.jpg <-- Palmetto Pythons /Documents welch2.jpg
2001.12.21 08:32 B d:\pythons\WebPage Backup 122101\welch3.jpg <-- Palmetto Pythons /Documents welch3.jpg
2001.12.21 08:32 B d:\pythons\WebPage Backup 122101\welch4.jpg <-- Palmetto Pythons /Documents welch4.jpg
2001.12.21 08:32 B d:\pythons\WebPage Backup 122101\welchextend.htm <-- Palmetto Pythons /Documents welchextend.htm
2001.12.21 08:32 B d:\pythons\WebPage Backup 122101\welchresume.htm <-- Palmetto Pythons /Documents welchresume.htm
